\BOOKMARK [1][-]{section.1}{\376\377\004\041\004\100\004\060\004\062\004\075\004\065\004\075\004\070\004\065\000\040\004\074\004\065\004\102\004\100\004\070\004\072\000\040\004\064\004\073\004\117\000\040\004\100\004\060\004\067\004\075\004\113\004\105\000\040\004\076\004\061\004\103\004\107\004\060\004\116\004\111\004\070\004\105\000\040\004\062\004\113\004\061\004\076\004\100\004\076\004\072}{}% 1
\BOOKMARK [2][-]{subsection.1.1}{\376\377\004\036\004\077\004\070\004\101\004\060\004\075\004\070\004\065\000\040\004\115\004\072\004\101\004\077\004\065\004\100\004\070\004\074\004\065\004\075\004\102\004\060}{section.1}% 2
\BOOKMARK [2][-]{subsection.1.2}{\376\377\004\040\004\065\004\067\004\103\004\073\004\114\004\102\004\060\004\102\004\113}{section.1}% 3
\BOOKMARK [1][-]{section.2}{\376\377\004\055\004\072\004\101\004\077\004\065\004\100\004\070\004\074\004\065\004\075\004\102\000\040\004\077\004\076\000\040\004\070\004\067\004\074\004\065\004\075\004\065\004\075\004\070\004\116\000\040\004\077\004\060\004\100\004\060\004\074\004\065\004\102\004\100\004\076\004\062\000\040\004\062\004\113\004\061\004\076\004\100\004\072\004\070}{}% 4
\BOOKMARK [2][-]{subsection.2.1}{\376\377\004\036\004\077\004\070\004\101\004\060\004\075\004\070\004\065\000\040\004\115\004\072\004\101\004\077\004\065\004\100\004\070\004\074\004\065\004\075\004\102\004\060}{section.2}% 5
\BOOKMARK [2][-]{subsection.2.2}{\376\377\004\040\004\065\004\067\004\103\004\073\004\114\004\102\004\060\004\102\004\113}{section.2}% 6
\BOOKMARK [1][-]{section.3}{\376\377\004\055\004\072\004\101\004\077\004\065\004\100\004\070\004\074\004\065\004\075\004\102\000\040\0003\000:\000\040\004\022\004\113\004\107\004\070\004\101\004\073\004\065\004\075\004\070\004\065\000\040\000D\000T\000W}{}% 7
\BOOKMARK [2][-]{subsection.3.1}{\376\377\004\036\004\077\004\070\004\101\004\060\004\075\004\070\004\065\000\040\004\115\004\072\004\101\004\077\004\065\004\100\004\070\004\074\004\065\004\075\004\102\004\060}{section.3}% 8
\BOOKMARK [2][-]{subsection.3.2}{\376\377\004\040\004\065\004\067\004\103\004\073\004\114\004\102\004\060\004\102\004\113}{section.3}% 9
\BOOKMARK [1][-]{section.4}{\376\377\004\055\004\072\004\101\004\077\004\065\004\100\004\070\004\074\004\065\004\075\004\102\000\040\0004\000:\000\040\004\041\004\100\004\060\004\062\004\075\004\065\004\075\004\070\004\065\000\040\004\101\004\074\004\065\004\111\004\065\004\075\004\070\004\117\000\040\004\106\004\065\004\075\004\102\004\100\004\076\004\070\004\064\004\076\004\062\000\040\004\072\004\073\004\060\004\101\004\102\004\065\004\100\004\076\004\062}{}% 10
\BOOKMARK [2][-]{subsection.4.1}{\376\377\004\036\004\077\004\070\004\101\004\060\004\075\004\070\004\065\000\040\004\115\004\072\004\101\004\077\004\065\004\100\004\070\004\074\004\065\004\075\004\102\004\060}{section.4}% 11
\BOOKMARK [2][-]{subsection.4.2}{\376\377\004\040\004\065\004\067\004\103\004\073\004\114\004\102\004\060\004\102\004\113}{section.4}% 12
\BOOKMARK [1][-]{section.5}{\376\377\004\055\004\072\004\101\004\077\004\065\004\100\004\070\004\074\004\065\004\075\004\102\000\040\0005\000:\000\040\004\041\004\100\004\060\004\062\004\075\004\065\004\075\004\070\004\065\000\040\004\074\004\065\004\102\004\100\004\070\004\072\000\040\004\072\004\073\004\060\004\101\004\102\004\065\004\100\004\070\004\067\004\060\004\106\004\070\004\070\000\040\004\077\004\100\004\070\000\040\004\101\004\074\004\065\004\110\004\070\004\062\004\060\004\075\004\070\004\070\000\040\004\062\004\113\004\061\004\076\004\100\004\076\004\072}{}% 13
\BOOKMARK [2][-]{subsection.5.1}{\376\377\004\036\004\077\004\070\004\101\004\060\004\075\004\070\004\065\000\040\004\115\004\072\004\101\004\077\004\065\004\100\004\070\004\074\004\065\004\075\004\102\004\060}{section.5}% 14
\BOOKMARK [2][-]{subsection.5.2}{\376\377\004\040\004\065\004\067\004\103\004\073\004\114\004\102\004\060\004\102\004\113}{section.5}% 15
\BOOKMARK [1][-]{section.6}{\376\377\004\055\004\072\004\101\004\077\004\065\004\100\004\070\004\074\004\065\004\075\004\102\000\040\0006\000:\000\040\004\037\004\100\004\065\004\064\004\101\004\072\004\060\004\067\004\060\004\075\004\070\004\065\000\040\004\061\004\065\004\067\000\040\004\070\004\101\004\077\004\076\004\073\004\114\004\067\004\076\004\062\004\060\004\075\004\070\004\117\000\040\004\070\004\101\004\105\004\076\004\064\004\075\004\076\004\063\004\076\000\040\004\100\004\117\004\064\004\060}{}% 16
\BOOKMARK [2][-]{subsection.6.1}{\376\377\004\036\004\077\004\070\004\101\004\060\004\075\004\070\004\065\000\040\004\115\004\072\004\101\004\077\004\065\004\100\004\070\004\074\004\065\004\075\004\102\004\060}{section.6}% 17
\BOOKMARK [2][-]{subsection.6.2}{\376\377\004\040\004\065\004\067\004\103\004\073\004\114\004\102\004\060\004\102\004\113}{section.6}% 18
\BOOKMARK [1][-]{section.7}{\376\377\004\055\004\072\004\101\004\077\004\065\004\100\004\070\004\074\004\065\004\075\004\102\000\040\0007\000:\000\040\004\037\004\065\004\100\004\062\004\113\004\071\000\040\004\115\004\072\004\101\004\077\004\065\004\100\004\070\004\074\004\065\004\075\004\102\000\040\004\061\004\065\004\067\000\040\004\075\004\076\004\100\004\074\004\070\004\100\004\076\004\062\004\072\004\070\000.}{}% 19
\BOOKMARK [2][-]{subsection.7.1}{\376\377\004\036\004\077\004\070\004\101\004\060\004\075\004\070\004\065\000\040\004\115\004\072\004\101\004\077\004\065\004\100\004\070\004\074\004\065\004\075\004\102\004\060}{section.7}% 20
\BOOKMARK [2][-]{subsection.7.2}{\376\377\004\040\004\065\004\067\004\103\004\073\004\114\004\102\004\060\004\102\004\113}{section.7}% 21
